<?xml version="1.0" encoding="utf-8"?><testsuites name="pytest tests"><testsuite name="pytest" errors="0" failures="0" skipped="0" tests="9" time="5.773" timestamp="2026-08-16T17:22:20.770677+00:00" hostname="agent-env-1dedbbff-30fa-4614-9fcc-a7b3809e7a5e"><testcase classname="tests.test_gamification_v3.TestDemoDashboard" name="test_dashboard_shape" time="0.672" /><testcase classname="tests.test_gamification_v3.TestDemoDashboard" name="test_achievements_catalog" time="0.108" /><testcase classname="tests.test_gamification_v3.TestDemoDashboard" name="test_backfill_idempotent" time="0.380" /><testcase classname="tests.test_gamification_v3.TestMatchWinLossFlow" name="test_win_returns_rating_change_and_achievements" time="1.167" /><testcase classname="tests.test_gamification_v3.TestDemoDashboard" name="test_feed_has_items" time="0.113" /><testcase classname="tests.test_gamification_v3.TestMatchWinLossFlow" name="test_loss_does_not_crash_and_returns_delta" time="0.124" /><testcase classname="tests.test_gamification_v3.TestMatchWinLossFlow" name="test_dashboard_has_insights_after_matches" time="0.327" /><testcase classname="tests.test_gamification_v3.TestShareToFeed" name="test_share_and_appears_in_feed" time="0.659" /><testcase classname="tests.test_gamification_v3.TestCompetitionChampion" name="test_knockout_champion_gets_achievement" time="3.500" /></testsuite></testsuites>