<?xml version="1.0" encoding="utf-8"?><testsuites name="pytest tests"><testsuite name="pytest" errors="0" failures="0" skipped="0" tests="11" time="3.127" timestamp="2026-08-15T14:07:22.711298+00:00" hostname="agent-env-2e6d5b4d-6cba-48cd-9e27-3e9589404531"><testcase classname="tests.test_phase1_feed.TestMatchDetailAndShare" name="test_match_detail_shape" time="1.089" /><testcase classname="tests.test_phase1_feed.TestMatchDetailAndShare" name="test_share_match_creates_shared_post_on_feed" time="0.216" /><testcase classname="tests.test_phase1_feed.TestSocialFeedAndReactions" name="test_feed_returns_enriched_post_after_verified_match" time="1.363" /><testcase classname="tests.test_phase1_feed.TestSocialFeedAndReactions" name="test_react_add_toggle_and_remove" time="0.503" /><testcase classname="tests.test_phase1_feed.TestMatchDetailAndShare" name="test_share_match_forbidden_for_non_participant" time="0.432" /><testcase classname="tests.test_phase1_feed.TestOpponentsSearchAllSports" name="test_returns_athletes_with_plays_sport_flag_and_provisional_default" time="0.741" /><testcase classname="tests.test_phase1_feed.TestSocialFeedAndReactions" name="test_react_rejects_unknown_type" time="0.096" /><testcase classname="tests.test_phase1_feed.TestFeedDetailAndComments" name="test_comment_flow_and_detail" time="0.682" /><testcase classname="tests.test_phase1_feed.TestOpponentsSearchAllSports" name="test_unknown_sport_id_returns_404" time="0.105" /><testcase classname="tests.test_phase1_feed.TestAutoAddSport" name="test_preview_and_submit_auto_add_for_new_sport" time="0.245" /><testcase classname="tests.test_phase1_feed.TestFeedDetailAndComments" name="test_empty_comment_rejected" time="0.106" /></testsuite></testsuites>