<?xml version="1.0" encoding="utf-8"?><testsuites name="pytest tests"><testsuite name="pytest" errors="0" failures="0" skipped="0" tests="36" time="6.676" timestamp="2026-08-12T16:20:44.446488+00:00" hostname="agent-env-b4ea3e4b-1698-4574-9ce4-74d65818567f"><testcase classname="tests.test_athlera_api.TestAuth" name="test_register_duplicate" time="0.525" /><testcase classname="tests.test_athlera_api.TestAuth" name="test_login_success" time="0.305" /><testcase classname="tests.test_athlera_api.TestAuth" name="test_login_bad_password" time="0.307" /><testcase classname="tests.test_athlera_api.TestAuth" name="test_guest_and_me" time="0.188" /><testcase classname="tests.test_athlera_api.TestAuth" name="test_logout_revokes_token" time="0.540" /><testcase classname="tests.test_athlera_api.TestAuth" name="test_me_requires_bearer" time="0.074" /><testcase classname="tests.test_athlera_api.TestCatalog" name="test_sports_and_levels" time="0.074" /><testcase classname="tests.test_athlera_api.TestOnboardingAndDashboard" name="test_mixed_onboarding_new_user" time="0.399" /><testcase classname="tests.test_athlera_api.TestOnboardingAndDashboard" name="test_onboarding_b_all_five" time="0.488" /><testcase classname="tests.test_athlera_api.TestOnboardingAndDashboard" name="test_accredited_requires_provider" time="0.096" /><testcase classname="tests.test_athlera_api.TestOnboardingAndDashboard" name="test_dashboard" time="0.107" /><testcase classname="tests.test_athlera_api.TestOnboardingAndDashboard" name="test_dashboard_b_uas_range" time="0.077" /><testcase classname="tests.test_athlera_api.TestSportAndRankings" name="test_sport_page" time="0.077" /><testcase classname="tests.test_athlera_api.TestSportAndRankings" name="test_sport_page_unknown_404" time="0.069" /><testcase classname="tests.test_athlera_api.TestSportAndRankings" name="test_rankings_sport" time="0.100" /><testcase classname="tests.test_athlera_api.TestSportAndRankings" name="test_rankings_uas" time="0.166" /><testcase classname="tests.test_athlera_api.TestSportAndRankings" name="test_opponent_search" time="0.071" /><testcase classname="tests.test_athlera_api.TestScoreValidation" name="test_squash_valid" time="0.164" /><testcase classname="tests.test_athlera_api.TestScoreValidation" name="test_squash_12_10_valid" time="0.077" /><testcase classname="tests.test_athlera_api.TestScoreValidation" name="test_squash_11_10_invalid" time="0.069" /><testcase classname="tests.test_athlera_api.TestScoreValidation" name="test_badminton_valid_21" time="0.174" /><testcase classname="tests.test_athlera_api.TestScoreValidation" name="test_badminton_30_29_valid" time="0.151" /><testcase classname="tests.test_athlera_api.TestScoreValidation" name="test_badminton_31_29_invalid" time="0.170" /><testcase classname="tests.test_athlera_api.TestScoreValidation" name="test_tennis_6_4_valid" time="0.157" /><testcase classname="tests.test_athlera_api.TestScoreValidation" name="test_tennis_7_6_valid" time="0.166" /><testcase classname="tests.test_athlera_api.TestScoreValidation" name="test_tennis_6_5_invalid" time="0.164" /><testcase classname="tests.test_athlera_api.TestScoreValidation" name="test_padel_6_4_valid" time="0.254" /><testcase classname="tests.test_athlera_api.TestScoreValidation" name="test_padel_6_5_invalid" time="0.153" /><testcase classname="tests.test_athlera_api.TestScoreValidation" name="test_pickleball_valid" time="0.173" /><testcase classname="tests.test_athlera_api.TestScoreValidation" name="test_pickleball_11_10_invalid" time="0.161" /><testcase classname="tests.test_athlera_api.TestMatchSubmit" name="test_guest_can_preview_cannot_submit" time="0.223" /><testcase classname="tests.test_athlera_api.TestMatchSubmit" name="test_submit_vs_seed_auto_verifies" time="0.337" /><testcase classname="tests.test_athlera_api.TestMatchSubmit" name="test_matches_mine" time="0.087" /><testcase classname="tests.test_athlera_api.TestMatchSubmit" name="test_athlete_profile" time="0.080" /><testcase classname="tests.test_athlera_api.TestMatchSubmit" name="test_events_upcoming" time="0.072" /><testcase classname="tests.test_athlera_api.TestMatchSubmit" name="test_social_feed" time="0.079" /></testsuite></testsuites>