<?xml version="1.0" encoding="utf-8"?><testsuites name="pytest tests"><testsuite name="pytest" errors="0" failures="0" skipped="0" tests="24" time="30.702" timestamp="2026-08-12T18:25:47.479064+00:00" hostname="agent-env-b4ea3e4b-1698-4574-9ce4-74d65818567f"><testcase classname="tests.test_athlera_v2.TestLiveSquash" name="test_squash_11_10_not_complete" time="2.565" /><testcase classname="tests.test_athlera_v2.TestLiveSquash" name="test_squash_undo" time="0.677" /><testcase classname="tests.test_athlera_v2.TestLiveBadminton" name="test_badminton_21" time="3.166" /><testcase classname="tests.test_athlera_v2.TestLiveBadminton" name="test_badminton_cap_30" time="5.860" /><testcase classname="tests.test_athlera_v2.TestLiveTennis" name="test_tennis_6_4" time="2.221" /><testcase classname="tests.test_athlera_v2.TestLiveTennis" name="test_tennis_tiebreak" time="4.827" /><testcase classname="tests.test_athlera_v2.TestLivePadel" name="test_padel_6_0" time="2.093" /><testcase classname="tests.test_athlera_v2.TestLivePickleball" name="test_pickleball_side_out" time="0.366" /><testcase classname="tests.test_athlera_v2.TestLivePickleball" name="test_pickleball_11_9_finalize_ratings" time="1.488" /><testcase classname="tests.test_athlera_v2.TestAutoAddSport" name="test_ensure_creates_low_provisional" time="0.453" /><testcase classname="tests.test_athlera_v2.TestAutoAddSport" name="test_live_create_auto_adds_sport" time="0.459" /><testcase classname="tests.test_athlera_v2.TestCompetitionLeague" name="test_league_full_flow" time="1.991" /><testcase classname="tests.test_athlera_v2.TestCompetitionKnockout" name="test_knockout_5_to_champion" time="2.829" /><testcase classname="tests.test_athlera_v2.TestLTPAndPlayRequests" name="test_ltp_create_and_list" time="0.140" /><testcase classname="tests.test_athlera_v2.TestLTPAndPlayRequests" name="test_play_request_dedupe_and_action" time="0.220" /><testcase classname="tests.test_athlera_v2.TestLTPAndPlayRequests" name="test_social_nearby" time="0.076" /><testcase classname="tests.test_athlera_v2.TestMessaging" name="test_send_and_thread" time="0.260" /><testcase classname="tests.test_athlera_v2.TestHistory" name="test_history_filters" time="0.396" /><testcase classname="tests.test_athlera_v2.TestHistory" name="test_rating_history" time="0.081" /><testcase classname="tests.test_athlera_v2.TestGuestBlocked" name="test_live_create_blocked" time="0.146" /><testcase classname="tests.test_athlera_v2.TestGuestBlocked" name="test_competitions_create_blocked" time="0.109" /><testcase classname="tests.test_athlera_v2.TestGuestBlocked" name="test_ltp_create_blocked" time="0.074" /><testcase classname="tests.test_athlera_v2.TestGuestBlocked" name="test_play_request_blocked" time="0.070" /><testcase classname="tests.test_athlera_v2.TestGuestBlocked" name="test_messages_send_blocked" time="0.078" /></testsuite></testsuites>